SF:lib\data\db\database.g.dart
DA:10,5
DA:13,10
DA:15,5
DA:22,10
DA:24,5
DA:33,10
DA:35,5
DA:42,10
DA:44,5
DA:50,5
DA:51,5
DA:53,5
DA:57,10
DA:60,10
DA:62,5
DA:68,5
DA:69,5
DA:71,5
DA:75,10
DA:80,10
DA:82,5
DA:92,10
DA:94,5
DA:98,5
DA:107,10
DA:109,5
DA:115,5
DA:116,5
DA:117,5
DA:118,5
DA:119,5
DA:120,5
DA:121,5
DA:122,5
DA:123,5
DA:124,5
DA:125,5
DA:126,5
DA:128,5
DA:129,10
DA:130,5
DA:133,4
DA:138,4
DA:139,4
DA:140,4
DA:141,16
DA:143,0
DA:145,4
DA:146,4
DA:148,12
DA:151,0
DA:153,4
DA:154,1
DA:156,2
DA:157,1
DA:162,4
DA:163,1
DA:165,3
DA:168,4
DA:169,4
DA:171,12
DA:174,0
DA:176,4
DA:177,1
DA:179,2
DA:180,1
DA:185,4
DA:186,1
DA:188,3
DA:191,4
DA:192,1
DA:194,3
DA:200,5
DA:201,5
DA:202,3
DA:204,0
DA:205,3
DA:206,9
DA:208,6
DA:210,9
DA:212,6
DA:214,9
DA:216,6
DA:218,9
DA:220,6
DA:222,6
DA:223,9
DA:225,6
DA:228,9
DA:230,6
DA:232,6
DA:233,9
DA:235,6
DA:238,9
DA:240,6
DA:242,9
DA:244,6
DA:246,9
DA:248,6
DA:253,1
DA:255,2
DA:258,10
DA:260,10
DA:280,3
DA:292,0
DA:294,0
DA:295,0
DA:296,0
DA:297,0
DA:298,0
DA:300,0
DA:301,0
DA:304,0
DA:305,0
DA:308,0
DA:310,0
DA:311,0
DA:314,0
DA:315,0
DA:316,0
DA:320,0
DA:321,0
DA:322,0
DA:323,0
DA:324,0
DA:326,0
DA:327,0
DA:328,0
DA:329,0
DA:330,0
DA:331,0
DA:332,0
DA:333,0
DA:337,0
DA:341,0
DA:342,0
DA:343,0
DA:344,0
DA:345,0
DA:346,0
DA:347,0
DA:348,0
DA:350,0
DA:351,0
DA:352,0
DA:354,0
DA:355,0
DA:356,0
DA:359,0
DA:361,0
DA:362,0
DA:363,0
DA:364,0
DA:365,0
DA:366,0
DA:367,0
DA:368,0
DA:370,0
DA:371,0
DA:372,0
DA:374,0
DA:375,0
DA:376,0
DA:380,0
DA:391,0
DA:392,0
DA:393,0
DA:394,0
DA:395,0
DA:396,0
DA:397,0
DA:398,0
DA:399,0
DA:400,0
DA:401,0
DA:403,0
DA:404,0
DA:405,0
DA:406,0
DA:407,0
DA:408,0
DA:409,0
DA:410,0
DA:411,0
DA:412,0
DA:413,0
DA:414,0
DA:415,0
DA:416,0
DA:417,0
DA:418,0
DA:422,0
DA:424,0
DA:425,0
DA:426,0
DA:427,0
DA:428,0
DA:429,0
DA:430,0
DA:431,0
DA:432,0
DA:433,0
DA:434,0
DA:435,0
DA:436,0
DA:439,0
DA:440,0
DA:441,0
DA:442,0
DA:443,0
DA:444,0
DA:445,0
DA:446,0
DA:447,0
DA:448,0
DA:449,0
DA:450,0
DA:452,0
DA:455,0
DA:456,0
DA:457,0
DA:458,0
DA:459,0
DA:460,0
DA:461,0
DA:462,0
DA:463,0
DA:464,0
DA:465,0
DA:480,0
DA:493,4
DA:505,4
DA:506,4
DA:507,4
DA:508,4
DA:509,4
DA:510,0
DA:523,0
DA:524,0
DA:525,0
DA:526,0
DA:527,0
DA:528,0
DA:529,0
DA:530,0
DA:531,0
DA:532,0
DA:533,0
DA:534,0
DA:538,0
DA:551,0
DA:552,0
DA:553,0
DA:554,0
DA:555,0
DA:556,0
DA:557,0
DA:558,0
DA:559,0
DA:560,0
DA:561,0
DA:562,0
DA:566,4
DA:568,4
DA:569,8
DA:570,16
DA:572,8
DA:573,16
DA:575,8
DA:576,4
DA:578,8
DA:579,4
DA:581,8
DA:582,8
DA:583,16
DA:586,8
DA:587,16
DA:589,8
DA:590,8
DA:591,16
DA:594,8
DA:595,4
DA:597,8
DA:598,4
DA:600,8
DA:601,4
DA:603,8
DA:604,0
DA:609,0
DA:611,0
DA:612,0
DA:613,0
DA:614,0
DA:615,0
DA:616,0
DA:617,0
DA:618,0
DA:619,0
DA:620,0
DA:621,0
DA:622,0
DA:623,0
DA:624,0
DA:632,5
DA:635,10
DA:637,5
DA:644,10
DA:646,5
DA:650,5
DA:658,10
DA:660,5
DA:666,5
DA:667,5
DA:669,5
DA:673,10
DA:678,10
DA:680,5
DA:687,10
DA:689,5
DA:696,5
DA:697,5
DA:699,5
DA:703,10
DA:704,5
DA:705,5
DA:706,5
DA:707,5
DA:708,5
DA:709,5
DA:710,5
DA:711,5
DA:712,5
DA:714,5
DA:715,10
DA:716,5
DA:719,4
DA:724,4
DA:725,4
DA:726,4
DA:727,16
DA:729,0
DA:731,4
DA:732,4
DA:734,12
DA:737,0
DA:739,4
DA:740,4
DA:742,12
DA:745,0
DA:747,4
DA:748,4
DA:750,12
DA:753,0
DA:755,4
DA:756,1
DA:758,3
DA:764,5
DA:765,5
DA:766,4
DA:768,0
DA:769,4
DA:770,12
DA:772,8
DA:774,12
DA:776,8
DA:778,12
DA:780,8
DA:782,8
DA:783,12
DA:785,8
DA:788,12
DA:790,8
DA:792,12
DA:794,8
DA:796,8
DA:797,12
DA:799,8
DA:805,1
DA:807,2
DA:810,10
DA:812,10
DA:834,4
DA:843,0
DA:845,0
DA:846,0
DA:847,0
DA:848,0
DA:850,0
DA:851,0
DA:854,0
DA:855,0
DA:857,0
DA:858,0
DA:864,0
DA:865,0
DA:866,0
DA:867,0
DA:868,0
DA:869,0
DA:870,0
DA:871,0
DA:872,0
DA:876,0
DA:880,0
DA:881,0
DA:882,0
DA:883,0
DA:884,0
DA:885,0
DA:886,0
DA:888,0
DA:889,0
DA:890,0
DA:891,0
DA:895,0
DA:897,0
DA:898,0
DA:899,0
DA:900,0
DA:901,0
DA:902,0
DA:903,0
DA:905,0
DA:906,0
DA:907,0
DA:908,0
DA:913,0
DA:921,0
DA:922,0
DA:923,0
DA:924,0
DA:925,0
DA:926,0
DA:927,0
DA:928,0
DA:930,0
DA:931,0
DA:932,0
DA:933,0
DA:934,0
DA:935,0
DA:936,0
DA:937,0
DA:938,0
DA:939,0
DA:940,0
DA:944,0
DA:946,0
DA:947,0
DA:948,0
DA:949,0
DA:950,0
DA:951,0
DA:952,0
DA:953,0
DA:954,0
DA:955,0
DA:958,0
DA:960,0
DA:961,0
DA:964,0
DA:965,0
DA:966,0
DA:967,0
DA:968,0
DA:969,0
DA:970,0
DA:971,0
DA:983,0
DA:993,4
DA:1002,4
DA:1003,4
DA:1004,4
DA:1005,4
DA:1006,4
DA:1007,4
DA:1008,0
DA:1018,0
DA:1019,0
DA:1020,0
DA:1021,0
DA:1022,0
DA:1023,0
DA:1024,0
DA:1025,0
DA:1026,0
DA:1030,0
DA:1040,0
DA:1041,0
DA:1042,0
DA:1043,0
DA:1044,0
DA:1045,0
DA:1046,0
DA:1047,0
DA:1048,0
DA:1052,4
DA:1054,4
DA:1055,8
DA:1056,16
DA:1058,8
DA:1059,16
DA:1061,8
DA:1062,16
DA:1064,8
DA:1065,8
DA:1066,16
DA:1069,8
DA:1070,16
DA:1072,8
DA:1073,4
DA:1075,8
DA:1076,8
DA:1077,16
DA:1080,8
DA:1081,0
DA:1086,0
DA:1088,0
DA:1089,0
DA:1090,0
DA:1091,0
DA:1092,0
DA:1093,0
DA:1094,0
DA:1095,0
DA:1096,0
DA:1097,0
DA:1098,0
DA:1107,5
DA:1110,10
DA:1112,5
DA:1121,10
DA:1123,5
DA:1132,10
DA:1134,5
DA:1139,5
DA:1140,20
DA:1141,5
DA:1142,10
DA:1143,5
DA:1146,3
DA:1151,3
DA:1152,3
DA:1153,3
DA:1154,12
DA:1156,3
DA:1157,3
DA:1159,9
DA:1162,0
DA:1164,3
DA:1165,3
DA:1167,9
DA:1170,0
DA:1175,5
DA:1176,5
DA:1177,2
DA:1179,0
DA:1180,2
DA:1181,6
DA:1183,4
DA:1185,6
DA:1187,4
DA:1189,6
DA:1191,4
DA:1196,3
DA:1198,6
DA:1210,2
DA:1215,0
DA:1217,0
DA:1218,0
DA:1219,0
DA:1220,0
DA:1224,0
DA:1225,0
DA:1226,0
DA:1227,0
DA:1228,0
DA:1232,0
DA:1236,0
DA:1237,0
DA:1238,0
DA:1239,0
DA:1240,0
DA:1243,0
DA:1245,0
DA:1246,0
DA:1247,0
DA:1248,0
DA:1249,0
DA:1253,0
DA:1254,0
DA:1255,0
DA:1256,0
DA:1257,0
DA:1259,0
DA:1260,0
DA:1261,0
DA:1262,0
DA:1263,0
DA:1267,0
DA:1269,0
DA:1270,0
DA:1271,0
DA:1272,0
DA:1273,0
DA:1274,0
DA:1277,0
DA:1278,0
DA:1279,0
DA:1282,0
DA:1283,0
DA:1284,0
DA:1285,0
DA:1292,0
DA:1297,3
DA:1301,3
DA:1302,3
DA:1303,0
DA:1308,0
DA:1309,0
DA:1310,0
DA:1311,0
DA:1315,0
DA:1320,0
DA:1321,0
DA:1322,0
DA:1323,0
DA:1327,3
DA:1329,3
DA:1330,6
DA:1331,12
DA:1333,6
DA:1334,12
DA:1336,6
DA:1337,12
DA:1342,0
DA:1344,0
DA:1345,0
DA:1346,0
DA:1347,0
DA:1348,0
DA:1349,0
DA:1354,10
DA:1355,0
DA:1356,10
DA:1357,10
DA:1358,10
DA:1359,10
DA:1363,0
DA:1365,0
DA:1366,5
DA:1367,5
DA:1368,5
DA:1369,5
DA:1370,5
DA:1371,5
DA:1373,5
DA:1416,0
DA:1418,0
DA:1420,0
DA:1421,0
DA:1425,0
DA:1426,0
DA:1427,0
DA:1428,0
DA:1429,0
DA:1431,0
DA:1432,0
DA:1433,0
DA:1439,0
DA:1446,0
DA:1447,0
DA:1448,0
DA:1451,0
DA:1452,0
DA:1453,0
DA:1456,0
DA:1457,0
DA:1458,0
DA:1461,0
DA:1462,0
DA:1463,0
DA:1466,0
DA:1467,0
DA:1468,0
DA:1469,0
DA:1472,0
DA:1473,0
DA:1474,0
DA:1477,0
DA:1478,0
DA:1479,0
DA:1480,0
DA:1483,0
DA:1484,0
DA:1485,0
DA:1488,0
DA:1489,0
DA:1490,0
DA:1493,0
DA:1494,0
DA:1495,0
DA:1498,0
DA:1501,0
DA:1503,0
DA:1504,0
DA:1505,0
DA:1507,0
DA:1511,0
DA:1512,0
DA:1513,0
DA:1520,0
DA:1526,0
DA:1533,0
DA:1534,0
DA:1535,0
DA:1538,0
DA:1539,0
DA:1540,0
DA:1543,0
DA:1544,0
DA:1545,0
DA:1548,0
DA:1549,0
DA:1550,0
DA:1553,0
DA:1554,0
DA:1555,0
DA:1558,0
DA:1559,0
DA:1560,0
DA:1563,0
DA:1564,0
DA:1565,0
DA:1568,0
DA:1569,0
DA:1570,0
DA:1573,0
DA:1574,0
DA:1575,0
DA:1578,0
DA:1579,0
DA:1580,0
DA:1586,0
DA:1593,0
DA:1594,0
DA:1596,0
DA:1597,0
DA:1599,0
DA:1600,0
DA:1601,0
DA:1604,0
DA:1605,0
DA:1607,0
DA:1608,0
DA:1610,0
DA:1611,0
DA:1613,0
DA:1614,0
DA:1616,0
DA:1617,0
DA:1618,0
DA:1621,0
DA:1622,0
DA:1624,0
DA:1625,0
DA:1627,0
DA:1630,0
DA:1632,0
DA:1633,0
DA:1634,0
DA:1636,0
DA:1640,0
DA:1641,0
DA:1642,0
DA:1649,0
DA:1668,0
DA:1669,0
DA:1670,0
DA:1673,0
DA:1674,0
DA:1675,0
DA:1676,0
DA:1677,0
DA:1678,0
DA:1680,0
DA:1692,0
DA:1706,0
DA:1718,0
DA:1731,0
DA:1732,0
DA:1733,0
DA:1734,0
DA:1736,0
DA:1737,0
DA:1738,0
DA:1740,0
DA:1742,0
DA:1743,0
DA:1745,0
DA:1747,0
DA:1750,0
DA:1751,0
DA:1752,0
DA:1753,0
DA:1803,0
DA:1805,0
DA:1806,0
DA:1808,0
DA:1809,0
DA:1811,0
DA:1812,0
DA:1813,0
DA:1814,0
DA:1815,0
DA:1817,0
DA:1818,0
DA:1824,0
DA:1831,0
DA:1832,0
DA:1833,0
DA:1836,0
DA:1837,0
DA:1838,0
DA:1841,0
DA:1842,0
DA:1843,0
DA:1844,0
DA:1847,0
DA:1848,0
DA:1849,0
DA:1852,0
DA:1853,0
DA:1854,0
DA:1857,0
DA:1858,0
DA:1859,0
DA:1860,0
DA:1863,0
DA:1864,0
DA:1866,0
DA:1867,0
DA:1868,0
DA:1870,0
DA:1874,0
DA:1875,0
DA:1876,0
DA:1889,0
DA:1896,0
DA:1897,0
DA:1898,0
DA:1901,0
DA:1902,0
DA:1903,0
DA:1906,0
DA:1907,0
DA:1908,0
DA:1911,0
DA:1912,0
DA:1913,0
DA:1916,0
DA:1917,0
DA:1918,0
DA:1921,0
DA:1922,0
DA:1923,0
DA:1926,0
DA:1927,0
DA:1929,0
DA:1930,0
DA:1931,0
DA:1933,0
DA:1937,0
DA:1938,0
DA:1939,0
DA:1952,0
DA:1959,0
DA:1960,0
DA:1962,0
DA:1963,0
DA:1965,0
DA:1966,0
DA:1968,0
DA:1969,0
DA:1970,0
DA:1973,0
DA:1974,0
DA:1976,0
DA:1977,0
DA:1979,0
DA:1980,0
DA:1982,0
DA:1983,0
DA:1984,0
DA:1986,0
DA:1990,0
DA:1991,0
DA:1992,0
DA:2018,0
DA:2019,0
DA:2020,0
DA:2023,0
DA:2024,0
DA:2025,0
DA:2026,0
DA:2027,0
DA:2028,0
DA:2030,0
DA:2039,0
DA:2050,0
DA:2059,0
DA:2069,0
DA:2070,0
DA:2071,0
DA:2072,0
DA:2074,0
DA:2075,0
DA:2076,0
DA:2078,0
DA:2094,0
DA:2097,0
DA:2099,0
DA:2101,0
DA:2103,0
DA:2104,0
DA:2111,0
DA:2112,0
DA:2149,0
DA:2156,0
DA:2157,0
DA:2158,0
DA:2161,0
DA:2162,0
DA:2163,0
DA:2166,0
DA:2167,0
DA:2168,0
DA:2174,0
DA:2181,0
DA:2182,0
DA:2183,0
DA:2186,0
DA:2187,0
DA:2188,0
DA:2191,0
DA:2192,0
DA:2193,0
DA:2199,0
DA:2206,0
DA:2207,0
DA:2209,0
DA:2210,0
DA:2212,0
DA:2213,0
DA:2234,0
DA:2235,0
DA:2236,0
DA:2239,0
DA:2240,0
DA:2241,0
DA:2242,0
DA:2243,0
DA:2244,0
DA:2246,0
DA:2250,0
DA:2256,0
DA:2260,0
DA:2265,0
DA:2266,0
DA:2267,0
DA:2293,0
DA:2294,0
DA:2295,0
DA:2296,0
DA:2297,0
DA:2298,0
DA:2299,0
LF:977
LH:290
end_of_record
SF:lib\data\db\database.dart
DA:19,0
DA:22,15
DA:24,5
DA:27,5
DA:28,5
DA:29,5
DA:30,5
DA:32,1
DA:37,1
DA:38,2
DA:41,5
DA:44,5
DA:53,0
DA:54,0
DA:55,0
DA:56,0
DA:57,0
LF:17
LH:11
end_of_record
SF:lib\data\db\tables\saved_games.dart
DA:18,0
DA:21,0
DA:24,0
DA:26,0
DA:27,0
LF:5
LH:0
end_of_record
SF:lib\data\repositories\game_repository.dart
DA:10,2
DA:21,3
DA:29,6
DA:30,9
DA:31,3
DA:32,3
DA:34,6
DA:45,3
DA:46,6
DA:47,6
DA:48,15
DA:53,2
DA:54,2
DA:55,4
DA:57,2
DA:60,1
DA:66,12
LF:17
LH:17
end_of_record
SF:lib\domain\entities\audience.dart
DA:12,10
DA:13,10
DA:14,5
LF:3
LH:3
end_of_record
SF:lib\domain\entities\deck_origin.dart
DA:10,0
DA:11,0
DA:12,0
DA:13,0
LF:4
LH:0
end_of_record
SF:lib\domain\engine\game_engine.dart
DA:17,7
DA:27,14
DA:28,1
DA:29,1
DA:30,1
DA:32,1
DA:33,1
DA:37,14
DA:38,1
DA:39,1
DA:45,14
DA:46,21
DA:47,1
DA:48,1
DA:55,14
DA:56,1
DA:57,1
DA:64,14
DA:65,21
DA:66,1
DA:67,1
DA:74,14
DA:75,14
DA:76,14
DA:77,7
DA:78,1
DA:81,2
DA:87,14
DA:88,7
DA:94,7
DA:98,7
DA:99,7
DA:100,14
DA:101,14
DA:116,9
DA:117,17
DA:118,17
DA:119,16
DA:120,25
DA:121,15
DA:122,15
DA:123,23
DA:128,11
DA:129,6
DA:130,6
DA:131,4
DA:134,24
DA:135,16
DA:138,8
DA:139,8
DA:140,8
DA:143,8
DA:145,14
DA:147,8
DA:148,16
DA:149,24
DA:151,16
DA:153,8
DA:157,14
DA:160,8
DA:161,8
DA:162,24
DA:166,16
DA:169,8
DA:170,17
DA:172,32
DA:173,14
DA:176,6
DA:177,6
DA:178,12
DA:179,24
DA:185,7
DA:186,14
DA:188,5
DA:193,5
DA:194,10
DA:198,5
DA:199,10
DA:201,5
DA:202,4
DA:203,4
DA:204,7
DA:206,15
DA:208,15
DA:211,5
DA:212,5
DA:213,10
DA:217,5
DA:218,5
DA:219,25
DA:222,25
DA:223,10
DA:225,15
DA:230,14
DA:234,4
DA:235,8
DA:237,2
DA:240,3
DA:241,6
DA:243,6
DA:244,3
DA:245,6
DA:248,3
DA:249,3
DA:250,3
DA:258,5
DA:259,5
DA:260,10
DA:262,5
DA:263,5
DA:264,5
DA:265,5
DA:270,2
DA:271,2
DA:272,8
DA:276,2
DA:282,2
DA:283,4
DA:284,4
DA:285,4
DA:291,2
DA:292,4
DA:293,8
LF:123
LH:123
end_of_record
SF:lib\domain\engine\game_state.dart
DA:57,13
DA:59,3
DA:60,3
DA:66,7
DA:71,21
DA:72,28
DA:74,32
DA:76,32
DA:78,24
DA:80,6
DA:82,40
DA:84,3
DA:85,3
DA:86,3
DA:89,3
DA:90,6
DA:91,6
DA:97,6
DA:98,12
DA:100,18
DA:101,6
DA:104,24
DA:108,32
DA:112,35
DA:115,40
DA:117,40
DA:119,18
DA:121,5
DA:122,15
DA:124,12
DA:131,2
DA:132,7
DA:133,10
DA:137,4
DA:138,8
DA:139,4
DA:140,6
LF:37
LH:37
end_of_record
SF:lib\domain\engine\game_state.g.dart
DA:9,6
DA:10,6
DA:11,3
DA:12,9
DA:13,3
DA:14,3
DA:15,9
DA:16,3
DA:17,3
DA:18,9
DA:19,3
DA:20,3
DA:21,9
DA:22,3
DA:23,12
DA:24,6
DA:25,6
DA:26,6
DA:27,6
DA:28,3
DA:30,6
DA:32,3
DA:33,7
DA:34,3
DA:37,3
DA:38,3
DA:39,3
DA:42,3
DA:43,3
DA:44,3
DA:46,6
DA:47,3
DA:50,4
DA:51,4
DA:52,4
DA:53,4
DA:54,4
DA:55,4
DA:56,20
DA:57,4
DA:58,8
DA:59,4
DA:60,4
DA:61,4
DA:62,4
DA:63,4
DA:64,4
DA:65,4
DA:66,4
DA:67,4
LF:50
LH:50
end_of_record
SF:lib\domain\engine\turn.dart
DA:24,2
DA:25,2
DA:50,13
DA:52,3
DA:53,3
DA:56,70
DA:58,15
DA:62,8
DA:63,8
DA:64,37
DA:65,16
DA:66,40
DA:68,10
DA:69,5
DA:70,10
DA:73,5
DA:74,10
DA:75,10
LF:18
LH:18
end_of_record
SF:lib\domain\engine\turn.g.dart
DA:9,4
DA:10,2
DA:11,4
DA:14,2
DA:15,2
DA:16,2
DA:17,4
DA:25,6
DA:26,6
DA:27,3
DA:28,3
DA:29,3
DA:31,9
DA:32,3
DA:34,3
DA:35,7
DA:36,3
DA:40,4
DA:41,4
DA:42,8
DA:43,4
DA:44,4
DA:45,8
DA:46,4
DA:47,4
LF:25
LH:25
end_of_record
SF:lib\domain\entities\card.dart
DA:32,17
DA:34,6
DA:40,24
LF:3
LH:3
end_of_record
SF:lib\domain\entities\card.g.dart
DA:9,6
DA:10,3
DA:11,3
DA:12,3
DA:13,6
DA:14,6
DA:15,6
DA:17,9
DA:21,8
DA:22,4
DA:23,4
DA:24,4
DA:25,8
DA:26,8
DA:27,8
DA:28,4
LF:16
LH:16
end_of_record
SF:lib\domain\entities\deck.dart
DA:33,6
DA:35,0
DA:38,20
LF:3
LH:2
end_of_record
SF:lib\domain\entities\deck.g.dart
DA:9,0
DA:10,0
DA:11,0
DA:12,0
DA:13,0
DA:14,0
DA:15,0
DA:16,0
DA:17,0
DA:18,0
DA:19,0
DA:22,0
DA:23,0
DA:24,0
DA:25,0
DA:26,0
DA:27,0
DA:28,0
DA:29,0
DA:30,0
DA:31,0
DA:32,0
LF:22
LH:0
end_of_record
SF:lib\domain\entities\difficulty.dart
DA:15,3
DA:16,3
DA:17,3
DA:18,3
DA:19,1
LF:5
LH:5
end_of_record
SF:lib\domain\entities\game_config.dart
DA:37,14
DA:39,3
DA:40,3
DA:52,8
DA:53,16
DA:84,4
DA:85,4
DA:86,12
DA:87,4
DA:91,1
DA:92,2
LF:11
LH:11
end_of_record
SF:lib\domain\entities\game_config.g.dart
DA:9,6
DA:10,6
DA:11,12
DA:12,9
DA:13,6
DA:14,6
DA:15,3
DA:17,3
DA:18,9
DA:19,3
DA:23,4
DA:24,4
DA:25,8
DA:26,4
DA:27,8
DA:28,4
DA:29,4
DA:30,4
DA:31,4
DA:32,12
DA:33,4
LF:21
LH:21
end_of_record
SF:lib\domain\entities\min_age.dart
DA:16,2
DA:17,2
DA:18,2
DA:19,1
DA:20,1
DA:21,0
DA:28,20
LF:7
LH:6
end_of_record
SF:lib\domain\entities\player.dart
DA:19,6
LF:1
LH:1
end_of_record
SF:lib\domain\entities\player.g.dart
DA:9,6
DA:10,3
DA:11,3
DA:12,3
DA:15,8
DA:16,4
DA:17,4
DA:18,4
LF:8
LH:8
end_of_record
SF:lib\domain\entities\team.dart
DA:29,15
DA:31,6
DA:33,98
DA:36,5
DA:37,35
LF:5
LH:5
end_of_record
SF:lib\domain\entities\team.g.dart
DA:9,6
DA:10,3
DA:11,3
DA:12,3
DA:13,6
DA:14,3
DA:15,6
DA:16,6
DA:19,8
DA:20,4
DA:21,4
DA:22,4
DA:23,4
DA:24,4
LF:14
LH:14
end_of_record
SF:lib\domain\rules\round.dart
DA:27,14
DA:28,14
DA:29,14
DA:30,1
DA:33,2
LF:5
LH:5
end_of_record
SF:lib\domain\text\text_normalization.dart
DA:25,17
DA:26,17
DA:27,51
DA:28,17
DA:29,34
DA:31,17
DA:41,16
DA:42,16
DA:44,32
DA:45,32
DA:46,32
DA:47,16
LF:12
LH:12
end_of_record
SF:lib\domain\engine\team_builder.dart
DA:23,5
DA:28,5
DA:29,5
DA:30,1
DA:37,15
DA:38,1
DA:39,1
DA:40,1
DA:42,1
DA:46,20
DA:47,15
DA:48,1
DA:49,4
DA:59,5
DA:60,10
DA:61,25
DA:62,5
DA:68,5
DA:69,15
DA:70,15
DA:73,15
DA:74,15
DA:75,25
DA:78,5
DA:79,10
DA:80,5
DA:81,10
DA:82,5
DA:83,5
LF:29
LH:29
end_of_record
SF:lib\domain\rules\scoring.dart
DA:11,10
DA:15,40
DA:16,20
DA:17,10
DA:18,10
DA:19,30
DA:20,0
DA:31,5
DA:35,5
DA:36,10
DA:37,5
DA:39,35
DA:40,5
DA:41,5
DA:42,15
DA:43,0
DA:53,4
DA:54,4
DA:55,8
DA:56,4
DA:57,4
DA:58,12
LF:22
LH:20
end_of_record
SF:lib\data\db\tables\cards.dart
DA:26,0
DA:28,0
DA:29,0
DA:33,0
DA:36,0
DA:39,0
DA:42,0
DA:44,0
DA:46,0
DA:47,0
LF:10
LH:0
end_of_record
SF:lib\data\db\tables\decks.dart
DA:18,0
DA:19,0
DA:20,0
DA:21,0
DA:22,0
DA:25,0
DA:26,0
DA:30,0
DA:31,0
DA:32,0
DA:34,0
DA:35,0
LF:12
LH:0
end_of_record
SF:lib\data\db\seed\deck_seeder.dart
DA:19,1
DA:24,0
DA:25,0
DA:30,1
DA:69,1
DA:70,2
DA:71,2
DA:72,2
DA:73,2
DA:75,0
DA:76,0
DA:77,0
DA:78,0
DA:79,0
DA:80,0
DA:98,1
DA:108,1
DA:109,2
DA:116,1
DA:117,1
DA:118,1
DA:119,1
DA:121,2
DA:123,2
DA:124,1
DA:126,1
DA:127,1
DA:128,2
DA:132,2
DA:134,2
DA:135,2
DA:136,5
DA:141,2
DA:142,1
DA:146,2
DA:147,1
DA:151,1
DA:152,2
DA:153,2
DA:154,2
DA:155,2
DA:158,1
DA:160,1
DA:165,3
DA:169,1
DA:182,1
DA:187,2
DA:189,3
DA:190,1
DA:192,1
DA:194,4
DA:196,2
DA:197,2
DA:198,1
DA:199,2
DA:200,2
DA:203,1
DA:204,3
DA:205,1
DA:207,1
DA:208,1
DA:213,3
DA:217,1
DA:218,1
DA:220,1
DA:221,0
DA:228,2
DA:229,2
DA:230,1
DA:231,1
DA:232,3
DA:233,2
DA:235,1
DA:236,3
DA:237,1
DA:240,1
DA:241,1
DA:244,2
DA:245,1
DA:251,3
DA:253,1
DA:254,1
DA:258,1
DA:259,1
DA:263,1
DA:267,1
DA:268,0
DA:272,1
DA:273,2
DA:274,1
DA:275,1
DA:276,1
DA:277,1
DA:278,1
DA:284,1
DA:285,3
DA:286,1
DA:288,1
DA:289,1
DA:290,3
DA:294,1
DA:300,5
DA:301,1
DA:302,3
DA:303,3
DA:304,2
DA:306,1
DA:308,1
DA:319,1
LF:109
LH:99
end_of_record
SF:lib\data\db\seed\slug.dart
DA:13,1
DA:14,1
DA:16,4
LF:3
LH:3
end_of_record
SF:lib\data\repositories\deck_repository.dart
DA:16,3
DA:21,2
DA:22,4
DA:24,8
DA:25,8
DA:26,4
DA:27,6
DA:28,6
DA:30,2
DA:32,6
DA:39,1
DA:40,2
DA:41,4
DA:43,4
DA:44,5
DA:45,5
DA:46,5
DA:48,1
DA:49,1
DA:50,7
DA:60,2
DA:61,4
DA:62,4
DA:63,4
DA:64,10
DA:65,6
DA:68,1
DA:69,2
DA:70,2
DA:71,5
DA:72,3
DA:75,4
DA:76,2
DA:77,2
DA:78,2
DA:79,4
DA:80,2
DA:81,2
DA:82,2
DA:83,2
DA:84,2
DA:85,2
DA:88,6
DA:89,3
DA:90,3
DA:91,3
DA:92,3
DA:93,6
DA:94,3
DA:95,9
LF:50
LH:50
end_of_record
SF:lib\domain\engine\draw.dart
DA:16,6
DA:25,15
DA:28,16
DA:34,6
DA:40,6
DA:67,6
DA:68,24
DA:71,9
DA:74,15
DA:84,7
DA:89,0
DA:90,7
DA:91,1
DA:98,7
DA:101,28
DA:102,28
DA:103,7
DA:107,35
DA:110,7
DA:111,7
DA:112,21
DA:126,6
DA:133,6
DA:134,1
DA:141,1
DA:142,6
DA:148,12
DA:149,6
DA:151,6
DA:152,6
DA:153,36
DA:154,6
DA:157,6
DA:158,6
DA:159,12
DA:160,30
DA:161,18
DA:162,18
DA:167,12
DA:168,4
DA:169,16
DA:172,6
DA:176,12
DA:177,6
DA:178,6
DA:179,18
DA:180,6
DA:182,6
DA:185,6
DA:186,12
DA:200,6
DA:201,18
DA:208,6
DA:209,6
DA:210,6
DA:212,18
DA:215,6
DA:216,6
DA:217,24
DA:219,6
DA:220,24
DA:223,30
DA:224,6
DA:225,12
DA:226,24
DA:227,18
DA:230,21
DA:233,16
DA:234,15
DA:235,15
LF:70
LH:69
end_of_record
SF:lib\domain\rules\game_profiles.dart
DA:38,1
DA:40,0
DA:41,0
DA:78,3
DA:93,9
DA:95,2
DA:96,2
DA:97,4
DA:104,10
DA:105,5
DA:106,10
DA:107,15
DA:108,5
DA:116,3
DA:121,9
DA:122,3
DA:124,3
DA:127,3
DA:128,3
DA:129,3
DA:130,9
DA:132,3
DA:133,3
DA:134,3
DA:140,2
DA:144,2
DA:145,2
DA:146,2
DA:171,4
DA:172,4
DA:173,4
DA:174,4
DA:175,12
DA:176,4
DA:177,4
DA:178,4
DA:179,4
LF:37
LH:35
end_of_record
SF:lib\domain\rules\game_profiles.g.dart
DA:9,0
DA:10,0
DA:11,0
DA:12,0
DA:13,0
DA:14,0
DA:15,0
DA:16,0
DA:17,0
DA:18,0
DA:21,0
DA:22,0
DA:23,0
DA:24,0
DA:25,0
DA:26,0
DA:27,0
DA:28,0
DA:29,0
DA:30,0
DA:31,0
LF:21
LH:0
end_of_record
SF:lib\domain\engine\turn_clock.dart
DA:16,5
DA:25,10
DA:31,5
DA:32,5
DA:33,1
DA:35,5
DA:38,16
DA:42,10
DA:50,12
DA:56,4
DA:57,12
LF:11
LH:11
end_of_record
SF:lib\domain\setup\game_launch.dart
DA:15,4
DA:22,4
DA:35,2
DA:40,2
DA:42,2
DA:43,2
DA:44,2
DA:45,2
DA:46,2
DA:47,2
DA:48,2
DA:49,2
DA:50,2
DA:51,2
DA:52,4
DA:55,2
DA:56,8
DA:69,4
DA:74,8
DA:75,4
DA:76,4
DA:77,4
DA:78,12
DA:80,4
DA:81,4
DA:82,4
DA:83,4
DA:86,11
DA:88,4
DA:90,4
DA:91,4
DA:92,4
DA:93,4
DA:94,4
DA:95,4
LF:35
LH:35
end_of_record
SF:lib\domain\setup\game_setup.dart
DA:43,5
DA:46,4
DA:49,5
DA:50,5
DA:51,2
DA:52,4
DA:56,12
DA:62,5
DA:63,10
DA:64,15
DA:65,30
DA:67,10
DA:68,30
DA:80,2
DA:81,4
DA:82,6
DA:83,2
DA:84,2
DA:85,2
DA:91,3
DA:92,9
DA:93,0
DA:94,0
DA:95,0
DA:96,0
DA:97,0
DA:101,3
DA:102,6
DA:103,3
DA:104,3
DA:105,3
DA:106,3
DA:107,3
DA:108,3
DA:116,6
DA:117,4
DA:118,1
DA:119,1
DA:120,2
DA:122,6
DA:124,2
DA:127,1
DA:128,1
DA:129,1
DA:131,1
DA:133,1
DA:134,1
DA:137,2
DA:140,1
DA:141,1
DA:142,1
DA:145,2
DA:148,2
DA:152,1
DA:153,1
DA:154,1
DA:161,2
DA:164,3
DA:165,18
DA:166,1
DA:167,1
DA:172,15
DA:179,3
DA:180,1
DA:181,1
DA:182,3
DA:184,1
DA:185,1
DA:186,3
DA:188,1
DA:189,1
DA:190,2
DA:196,3
DA:197,1
DA:198,1
DA:199,2
DA:200,4
DA:202,1
DA:210,1
DA:211,1
DA:212,0
DA:218,2
DA:222,3
DA:226,9
DA:227,0
DA:228,0
DA:230,0
DA:233,6
DA:234,6
DA:238,3
DA:241,1
DA:242,5
DA:243,4
DA:245,2
DA:246,1
DA:247,1
DA:248,3
DA:251,1
DA:252,4
DA:253,1
DA:254,1
DA:255,2
DA:263,3
DA:264,1
DA:265,1
DA:266,6
DA:271,10
DA:272,5
DA:273,5
DA:274,5
DA:275,5
DA:276,5
DA:277,5
DA:278,5
DA:286,6
DA:289,3
DA:290,3
DA:292,3
LF:118
LH:109
end_of_record
SF:lib\domain\rules\resume.dart
DA:17,2
DA:18,4
LF:2
LH:2
end_of_record
SF:lib\app\clock.g.dart
DA:18,15
DA:34,5
DA:35,5
DA:45,0
DA:46,0
DA:48,0
DA:51,0
DA:53,0
DA:55,0
DA:59,5
DA:60,5
DA:62,5
DA:67,0
DA:70,6
DA:75,2
DA:76,2
DA:86,0
DA:87,0
DA:89,0
DA:92,0
DA:94,0
DA:96,0
DA:100,2
DA:101,2
DA:103,2
DA:108,0
LF:26
LH:12
end_of_record
SF:lib\app\clock.dart
DA:19,0
DA:21,0
DA:22,0
DA:23,0
DA:34,0
DA:36,0
LF:6
LH:0
end_of_record
SF:lib\app\current_game.g.dart
DA:23,18
DA:47,6
DA:48,6
DA:58,6
DA:59,6
DA:61,6
DA:63,6
DA:66,0
DA:67,0
DA:69,0
DA:74,6
DA:89,6
DA:92,6
DA:94,6
DA:101,12
LF:15
LH:12
end_of_record
SF:lib\app\current_game.dart
DA:18,6
DA:21,0
DA:24,12
LF:3
LH:2
end_of_record
SF:lib\app\screen_awake.g.dart
DA:23,18
DA:49,6
DA:50,6
DA:60,0
DA:61,0
DA:63,0
DA:66,0
DA:68,0
DA:70,0
DA:74,6
DA:75,6
DA:77,6
DA:82,0
LF:13
LH:6
end_of_record
SF:lib\app\screen_awake.dart
DA:19,0
LF:1
LH:0
end_of_record
SF:lib\data\providers.g.dart
DA:14,9
DA:22,3
DA:23,3
DA:33,0
DA:34,0
DA:36,0
DA:39,0
DA:41,0
DA:43,0
DA:47,3
DA:48,3
DA:50,3
DA:55,0
DA:58,6
DA:63,2
DA:64,2
DA:74,2
DA:75,2
DA:77,2
DA:80,2
DA:82,2
DA:84,2
DA:88,0
DA:89,0
DA:91,0
DA:96,2
DA:99,6
DA:104,2
DA:105,2
DA:115,2
DA:116,2
DA:118,2
DA:121,2
DA:123,2
DA:125,2
DA:129,0
DA:130,0
DA:132,0
DA:137,2
DA:145,3
DA:164,1
DA:165,1
DA:175,1
DA:176,1
DA:178,1
DA:181,1
DA:183,0
DA:185,0
DA:189,1
LF:49
LH:34
end_of_record
SF:lib\data\providers.dart
DA:11,0
DA:13,0
DA:14,0
DA:18,2
DA:20,6
DA:22,2
DA:24,6
DA:30,0
DA:32,0
DA:33,0
DA:34,0
DA:35,0
DA:36,0
DA:38,0
DA:39,0
DA:40,0
DA:44,0
LF:17
LH:4
end_of_record
SF:lib\features\play\presentation\game_screen.dart
DA:21,1
DA:23,5
DA:25,5
DA:26,10
DA:29,4
DA:30,4
DA:31,4
DA:32,0
DA:33,8
DA:39,5
DA:40,5
DA:41,5
DA:42,10
DA:43,7
DA:44,5
DA:45,6
DA:46,3
DA:47,4
LF:18
LH:17
end_of_record
SF:lib\l10n\generated\app_localizations.dart
DA:64,6
DA:65,12
DA:69,6
DA:70,6
DA:760,1
DA:762,6
DA:764,12
DA:767,6
DA:769,18
DA:771,0
DA:775,6
DA:777,6
DA:778,6
DA:779,6
DA:782,0
LF:15
LH:13
end_of_record
SF:lib\features\play\presentation\play_controller.dart
DA:48,6
DA:52,18
DA:54,6
DA:55,6
DA:56,6
DA:58,12
DA:65,6
DA:66,22
DA:67,12
DA:68,7
DA:69,8
DA:70,12
DA:73,12
DA:79,0
DA:89,1
DA:90,1
DA:93,4
DA:94,12
DA:95,8
DA:99,4
DA:103,3
DA:104,3
DA:105,3
DA:106,6
DA:116,8
DA:118,6
DA:120,2
DA:121,4
DA:123,4
DA:125,2
DA:127,1
DA:128,2
DA:130,2
DA:132,20
DA:134,20
DA:136,5
DA:137,5
DA:140,30
DA:141,5
DA:144,4
DA:145,12
DA:146,4
DA:147,4
DA:150,4
DA:152,3
DA:155,3
DA:157,3
DA:158,9
DA:164,15
DA:166,12
DA:167,3
DA:168,3
DA:171,1
DA:172,1
DA:173,2
DA:179,3
DA:180,3
DA:181,3
DA:184,4
DA:185,4
DA:186,4
DA:188,12
DA:189,8
DA:190,4
DA:191,4
DA:194,4
DA:195,4
DA:199,4
DA:200,8
DA:201,4
DA:202,4
DA:211,5
DA:212,5
DA:214,14
DA:217,25
DA:220,9
DA:221,5
DA:230,8
DA:231,6
DA:232,6
DA:233,6
DA:236,16
DA:239,24
DA:249,6
DA:254,2
DA:257,2
DA:258,2
DA:259,2
DA:260,2
DA:261,2
DA:262,0
DA:263,4
LF:92
LH:90
end_of_record
SF:lib\features\play\presentation\play_controller.g.dart
DA:24,18
DA:50,6
DA:51,6
DA:61,6
DA:62,6
DA:64,6
DA:66,6
DA:69,0
DA:70,0
DA:72,0
DA:77,6
DA:93,6
DA:96,6
DA:98,6
DA:105,12
LF:15
LH:12
end_of_record
SF:lib\app\game_persistence.g.dart
DA:24,6
DA:50,2
DA:51,2
DA:61,2
DA:62,2
DA:64,2
DA:66,2
DA:69,0
DA:70,0
DA:72,0
DA:77,2
DA:93,2
DA:96,2
DA:98,2
DA:105,4
DA:110,6
DA:114,2
DA:115,2
DA:125,1
DA:126,1
DA:128,1
DA:131,1
DA:133,1
DA:135,1
DA:139,1
DA:140,1
DA:142,1
DA:147,1
DA:155,6
DA:174,2
DA:175,2
DA:185,2
DA:186,2
DA:188,2
DA:191,2
DA:193,2
DA:195,2
DA:199,2
LF:38
LH:35
end_of_record
SF:lib\app\game_persistence.dart
DA:25,2
DA:27,8
DA:28,4
DA:32,2
DA:33,6
DA:37,4
DA:38,1
DA:42,1
DA:44,10
DA:48,1
DA:49,1
DA:50,1
DA:53,5
DA:54,4
DA:66,1
DA:73,2
DA:75,4
DA:80,6
DA:82,2
DA:85,2
DA:86,1
DA:90,1
LF:22
LH:22
end_of_record
SF:lib\app\router.dart
DA:32,2
DA:34,1
DA:35,1
DA:38,1
DA:40,1
DA:43,1
DA:45,1
DA:48,1
DA:50,1
DA:53,1
DA:55,1
DA:58,1
DA:60,1
DA:63,1
DA:65,1
DA:68,1
DA:73,0
LF:17
LH:16
end_of_record
SF:lib\features\home\presentation\home_screen.dart
DA:17,1
DA:19,1
DA:21,1
DA:22,2
DA:24,1
DA:25,1
DA:26,1
DA:29,3
DA:30,1
DA:31,0
DA:32,0
DA:33,0
DA:44,1
DA:46,1
DA:48,1
DA:52,3
DA:54,1
DA:56,1
DA:58,1
DA:59,1
DA:61,4
DA:63,3
DA:67,0
DA:68,0
DA:69,0
DA:70,0
DA:71,0
DA:73,0
DA:77,1
DA:78,2
DA:79,2
DA:81,1
DA:82,3
DA:83,1
DA:84,3
DA:85,1
DA:92,1
DA:96,1
DA:98,1
DA:99,1
DA:101,1
DA:104,5
DA:112,0
DA:122,0
DA:124,0
DA:125,0
DA:127,0
DA:128,0
DA:130,0
LF:49
LH:33
end_of_record
SF:lib\features\setup\presentation\decks_screen.dart
DA:21,1
DA:25,3
DA:26,3
DA:27,3
DA:31,1
DA:35,1
DA:36,2
DA:37,1
DA:42,1
DA:44,1
DA:46,1
DA:47,2
DA:48,4
DA:50,2
DA:54,1
DA:56,1
DA:61,1
DA:63,1
DA:64,3
DA:75,1
DA:80,1
DA:82,1
DA:84,3
DA:85,0
DA:86,0
DA:88,0
DA:93,1
DA:95,1
DA:96,3
DA:97,1
DA:99,5
DA:100,1
DA:101,1
DA:102,3
DA:103,4
DA:110,3
DA:117,1
DA:127,1
DA:129,1
DA:130,1
DA:131,4
DA:132,1
DA:134,2
DA:137,1
DA:139,3
DA:140,1
DA:143,2
DA:144,1
DA:145,1
DA:146,1
DA:148,1
DA:149,1
DA:150,1
DA:151,1
DA:153,1
DA:154,1
DA:156,3
DA:160,1
DA:161,1
DA:163,2
DA:165,1
DA:166,1
DA:167,3
DA:168,3
DA:170,2
DA:171,2
DA:177,1
DA:178,3
DA:189,1
DA:194,1
DA:196,1
DA:198,1
DA:199,2
DA:202,5
DA:204,1
DA:205,2
DA:206,1
DA:208,4
DA:209,4
DA:210,1
DA:212,1
DA:213,3
DA:214,2
DA:222,1
DA:234,1
DA:236,1
DA:238,1
DA:239,1
DA:240,1
DA:241,3
DA:242,1
DA:243,1
DA:244,2
DA:247,2
DA:248,3
DA:249,1
DA:251,2
DA:258,1
DA:263,1
DA:265,1
DA:266,1
DA:267,2
DA:268,3
DA:269,2
DA:273,1
DA:276,1
DA:278,1
DA:280,1
DA:281,1
DA:282,1
DA:284,2
DA:286,1
DA:288,1
DA:289,1
DA:291,3
DA:292,2
DA:296,1
DA:297,1
DA:299,2
DA:301,2
LF:120
LH:117
end_of_record
SF:lib\features\setup\presentation\mode_screen.dart
DA:14,1
DA:16,1
DA:18,1
DA:20,1
DA:22,1
DA:23,1
DA:25,1
DA:26,1
DA:27,1
DA:28,1
DA:30,2
DA:33,1
DA:34,1
DA:35,1
DA:37,3
DA:44,1
DA:45,4
DA:46,2
DA:51,1
DA:52,1
DA:53,1
DA:55,2
DA:56,2
DA:57,2
DA:58,1
DA:59,1
DA:60,3
DA:61,2
DA:63,1
DA:64,3
DA:65,2
DA:72,1
DA:73,1
DA:79,1
DA:91,1
DA:93,1
DA:95,1
DA:97,1
DA:98,1
DA:99,1
DA:101,1
DA:102,1
DA:103,4
DA:105,1
DA:106,1
DA:108,1
DA:109,1
DA:110,1
DA:111,3
DA:116,4
LF:50
LH:50
end_of_record
SF:lib\features\setup\presentation\settings_screen.dart
DA:16,1
DA:18,1
DA:20,1
DA:21,2
DA:22,3
DA:24,1
DA:26,1
DA:27,1
DA:28,2
DA:29,2
DA:31,1
DA:33,1
DA:34,1
DA:35,1
DA:36,1
DA:37,1
DA:38,1
DA:39,2
DA:40,2
DA:41,0
DA:44,1
DA:45,1
DA:46,1
DA:49,1
DA:50,1
DA:51,1
DA:52,1
DA:53,1
DA:54,1
DA:55,0
DA:57,1
DA:58,1
DA:59,1
DA:60,2
DA:61,0
DA:67,1
DA:68,3
DA:69,0
DA:72,1
DA:73,2
DA:74,1
DA:77,1
DA:78,1
DA:79,1
DA:80,1
DA:81,1
DA:82,1
DA:83,2
DA:84,0
DA:95,1
DA:107,1
DA:121,1
DA:123,1
DA:125,1
DA:127,1
DA:129,1
DA:130,1
DA:131,1
DA:132,3
DA:137,1
DA:140,1
DA:141,1
DA:142,1
DA:143,2
DA:144,1
DA:145,0
DA:153,2
DA:155,4
DA:157,1
DA:165,1
DA:170,1
DA:172,1
DA:173,1
DA:174,1
DA:176,1
DA:178,4
DA:179,1
DA:180,1
DA:181,4
DA:182,1
DA:183,1
DA:185,1
DA:186,1
DA:187,2
DA:188,3
DA:189,0
DA:197,1
DA:202,1
DA:204,1
DA:208,1
DA:210,3
DA:211,1
DA:212,1
DA:213,5
DA:214,1
DA:215,1
DA:216,2
DA:217,2
DA:218,0
LF:99
LH:91
end_of_record
SF:lib\features\setup\presentation\summary_screen.dart
DA:24,1
DA:26,1
DA:28,1
DA:29,2
DA:30,4
DA:31,2
DA:35,1
DA:36,2
DA:37,4
DA:40,1
DA:42,1
DA:43,1
DA:44,1
DA:46,1
DA:47,1
DA:48,1
DA:49,1
DA:50,2
DA:51,0
DA:54,1
DA:55,1
DA:56,1
DA:58,1
DA:59,1
DA:60,1
DA:61,2
DA:62,1
DA:63,1
DA:66,1
DA:67,1
DA:68,1
DA:69,1
DA:70,4
DA:71,1
DA:80,1
DA:85,1
DA:87,1
DA:89,1
DA:91,1
DA:93,1
DA:94,1
DA:95,1
DA:96,3
DA:97,2
DA:101,4
DA:109,1
DA:113,1
DA:115,1
DA:116,2
DA:117,2
DA:125,2
DA:126,2
DA:127,1
DA:129,1
DA:131,1
DA:134,1
DA:136,1
DA:137,1
DA:138,0
DA:139,0
DA:145,1
DA:146,2
DA:147,1
DA:148,1
DA:149,2
DA:150,2
DA:152,2
DA:158,1
DA:159,1
DA:160,2
DA:162,3
DA:165,1
DA:170,0
DA:171,0
DA:172,0
DA:173,0
DA:174,0
DA:183,4
DA:184,1
DA:189,1
DA:194,1
DA:196,1
DA:198,1
DA:200,1
DA:201,1
DA:203,3
DA:204,1
DA:205,0
DA:206,2
LF:89
LH:80
end_of_record
SF:lib\features\setup\presentation\teams_screen.dart
DA:18,1
DA:20,1
DA:21,1
DA:28,1
DA:30,2
DA:31,2
DA:32,1
DA:37,1
DA:38,1
DA:39,3
DA:40,1
DA:41,2
DA:43,2
DA:45,2
DA:49,2
DA:50,3
DA:51,3
DA:52,0
DA:54,2
DA:57,1
DA:59,1
DA:60,3
DA:61,4
DA:63,2
DA:64,6
DA:66,1
DA:68,1
DA:69,1
DA:71,1
DA:72,2
DA:73,0
DA:75,0
DA:76,0
DA:78,0
DA:81,1
DA:83,2
DA:85,2
DA:89,1
DA:91,1
DA:92,1
DA:93,1
DA:94,1
DA:95,1
DA:96,1
DA:97,1
DA:103,1
DA:104,1
DA:107,2
DA:111,1
DA:112,1
DA:114,1
DA:119,4
DA:120,1
DA:121,1
DA:123,0
DA:124,0
DA:126,1
DA:127,1
DA:128,1
DA:129,3
DA:130,1
DA:132,1
DA:133,1
DA:134,1
DA:135,1
DA:136,2
DA:137,1
DA:139,4
DA:141,1
DA:142,1
DA:143,3
DA:146,1
DA:147,2
DA:148,1
DA:149,1
DA:152,1
DA:153,1
DA:154,1
DA:156,1
DA:157,1
DA:158,1
DA:159,4
DA:161,0
DA:162,0
DA:163,0
DA:172,1
DA:182,1
DA:184,1
DA:186,1
DA:188,3
DA:189,1
DA:192,1
DA:193,1
DA:194,2
DA:198,2
DA:199,1
DA:200,1
DA:208,1
DA:221,1
DA:223,1
DA:224,3
DA:226,1
DA:228,1
DA:229,1
DA:230,1
DA:231,1
DA:233,3
DA:236,1
DA:238,1
DA:239,2
DA:240,1
DA:241,2
DA:242,2
DA:243,0
DA:253,1
DA:267,1
DA:268,6
DA:270,1
DA:272,1
DA:274,1
DA:276,1
DA:278,1
DA:280,1
DA:281,1
DA:282,1
DA:283,1
DA:284,1
DA:285,2
DA:286,4
DA:291,1
DA:292,0
DA:294,1
DA:298,2
DA:299,1
DA:302,2
DA:303,2
DA:305,1
DA:306,1
DA:308,0
DA:309,0
DA:310,0
DA:311,0
DA:312,0
DA:313,0
DA:324,0
DA:325,0
DA:326,0
DA:328,0
DA:330,0
DA:331,0
DA:332,0
DA:335,0
DA:337,0
DA:338,0
DA:339,0
DA:340,0
DA:342,0
DA:343,0
DA:344,0
DA:350,0
DA:351,0
LF:161
LH:126
end_of_record
SF:lib\features\play\presentation\widgets\playing_view.dart
DA:21,3
DA:25,3
DA:27,6
DA:31,3
DA:32,6
DA:33,9
DA:35,3
DA:36,6
DA:37,4
DA:38,2
DA:43,3
DA:44,3
DA:45,6
DA:46,3
DA:47,6
DA:48,4
DA:49,3
DA:50,6
DA:56,9
DA:64,3
DA:68,3
DA:70,3
DA:71,3
DA:72,3
DA:73,12
DA:76,3
DA:78,3
DA:79,3
DA:80,3
DA:81,3
DA:82,3
DA:83,3
DA:84,3
DA:85,9
DA:86,15
DA:88,9
DA:89,12
DA:93,3
DA:94,6
DA:95,8
DA:96,12
DA:97,9
DA:98,11
DA:102,3
DA:104,9
DA:107,3
DA:108,12
DA:109,9
DA:110,6
DA:121,3
DA:125,3
DA:127,6
DA:130,9
DA:132,3
DA:134,1
DA:135,1
DA:136,1
DA:137,1
DA:138,3
DA:139,1
DA:142,3
DA:144,3
DA:146,9
DA:154,1
DA:158,1
DA:160,1
DA:162,1
DA:163,1
DA:164,3
DA:165,3
DA:167,2
DA:176,1
DA:178,2
DA:180,2
DA:181,2
DA:183,2
DA:184,2
DA:186,2
DA:188,2
DA:189,2
DA:192,4
DA:195,8
DA:197,2
DA:198,2
DA:200,6
DA:201,4
DA:213,3
DA:217,3
DA:219,3
DA:220,9
DA:222,3
DA:224,3
DA:226,3
DA:227,18
DA:228,2
DA:230,2
DA:231,2
DA:233,6
DA:236,3
DA:237,3
DA:242,3
DA:243,3
DA:244,3
DA:245,9
DA:246,6
DA:250,3
DA:251,3
DA:252,3
DA:255,9
DA:256,6
LF:110
LH:110
end_of_record
SF:lib\features\play\presentation\widgets\podium_view.dart
DA:20,2
DA:24,2
DA:25,2
DA:31,2
DA:33,2
DA:34,2
DA:35,4
DA:37,2
DA:38,2
DA:39,8
DA:42,2
DA:44,2
DA:45,2
DA:46,2
DA:48,2
DA:49,2
DA:50,2
DA:52,6
DA:53,4
DA:57,2
DA:58,2
DA:59,4
DA:61,6
DA:63,4
DA:66,2
DA:67,2
DA:71,2
DA:73,2
DA:75,2
DA:76,2
DA:77,4
DA:78,4
DA:81,2
DA:82,0
DA:83,0
DA:84,0
DA:86,4
DA:99,1
DA:100,3
DA:102,1
DA:103,2
DA:104,1
DA:105,2
DA:106,5
DA:107,4
DA:110,1
DA:111,3
DA:113,1
DA:115,3
DA:116,5
DA:121,5
LF:51
LH:48
end_of_record
SF:lib\features\play\presentation\widgets\round_summary_view.dart
DA:15,3
DA:19,3
DA:21,3
DA:22,3
DA:23,18
DA:25,3
DA:27,3
DA:28,3
DA:29,3
DA:31,3
DA:32,3
DA:33,12
DA:34,9
DA:39,6
DA:41,3
DA:42,6
DA:43,6
DA:46,3
DA:47,3
DA:48,9
DA:49,6
DA:55,3
DA:57,3
DA:58,12
DA:59,6
LF:25
LH:25
end_of_record
SF:lib\features\play\presentation\widgets\tie_break_view.dart
DA:14,1
DA:18,1
DA:20,1
DA:21,1
DA:22,3
DA:23,2
DA:25,1
DA:26,2
DA:27,5
DA:30,1
DA:32,1
DA:34,1
DA:36,1
DA:37,1
DA:39,3
DA:44,1
DA:45,1
DA:47,3
DA:48,2
DA:51,1
DA:52,1
DA:53,1
DA:55,1
DA:56,1
DA:58,3
DA:65,2
DA:66,1
DA:67,1
DA:68,2
DA:70,3
DA:71,3
DA:75,1
DA:76,1
DA:77,1
DA:78,2
LF:35
LH:35
end_of_record
SF:lib\features\play\presentation\widgets\turn_intro_view.dart
DA:14,5
DA:18,5
DA:20,5
DA:21,5
DA:22,10
DA:24,10
DA:25,35
DA:26,15
DA:27,5
DA:29,5
DA:31,5
DA:34,5
DA:35,5
DA:36,35
DA:38,15
DA:39,10
DA:43,5
DA:44,15
DA:46,10
DA:49,5
DA:50,15
DA:52,15
DA:53,10
DA:57,5
DA:58,20
DA:60,15
DA:64,5
DA:66,5
DA:67,5
DA:69,10
DA:72,5
DA:74,5
DA:75,2
DA:76,8
DA:77,10
DA:80,3
DA:81,3
DA:83,9
DA:85,6
LF:39
LH:39
end_of_record
SF:lib\features\play\presentation\widgets\turn_summary_view.dart
DA:16,2
DA:20,2
DA:22,2
DA:23,2
DA:24,4
DA:25,2
DA:27,2
DA:29,2
DA:30,2
DA:32,2
DA:34,2
DA:35,2
DA:36,2
DA:37,6
DA:42,2
DA:43,2
DA:44,6
DA:45,10
DA:47,6
DA:48,8
DA:52,2
DA:53,4
DA:54,4
DA:56,4
DA:58,2
DA:59,2
DA:60,6
DA:61,4
DA:68,2
DA:69,2
DA:70,3
DA:71,2
DA:73,2
DA:74,2
DA:75,2
DA:76,8
DA:77,2
DA:78,1
DA:79,3
DA:80,3
DA:85,2
DA:87,2
DA:88,8
DA:89,4
DA:96,1
DA:97,2
DA:104,2
DA:114,2
DA:116,2
DA:117,2
DA:118,4
DA:120,2
DA:121,2
DA:122,2
DA:124,2
DA:126,8
DA:127,2
DA:128,3
DA:129,6
DA:130,2
LF:60
LH:60
end_of_record
SF:lib\features\play\presentation\widgets\game_card_face.dart
DA:11,3
DA:26,3
DA:28,3
DA:29,3
DA:30,9
DA:32,3
DA:34,3
DA:35,3
DA:36,3
DA:38,3
DA:39,6
DA:41,9
DA:47,4
DA:49,1
DA:50,1
DA:51,3
DA:52,2
DA:56,1
DA:59,1
DA:60,1
DA:61,1
DA:63,3
DA:65,2
LF:23
LH:23
end_of_record
SF:lib\app\theme\app_colors.dart
DA:32,4
DA:33,16
LF:2
LH:2
end_of_record
SF:lib\features\play\presentation\widgets\turn_timer_ring.dart
DA:10,4
DA:24,12
DA:26,4
DA:28,4
DA:29,4
DA:30,12
DA:34,16
DA:36,4
DA:39,4
DA:41,4
DA:42,4
DA:43,4
DA:44,8
DA:45,20
DA:48,8
DA:49,4
DA:52,4
DA:53,4
DA:54,12
LF:19
LH:19
end_of_record
SF:lib\features\play\presentation\widgets\score_table.dart
DA:13,3
DA:17,3
DA:19,3
DA:20,3
DA:21,6
DA:25,3
DA:26,6
DA:27,6
DA:30,9
DA:31,27
DA:33,3
DA:36,3
DA:37,3
DA:38,3
DA:40,3
DA:41,3
DA:42,6
DA:43,6
DA:44,3
DA:46,12
DA:49,3
DA:50,3
DA:51,3
DA:52,3
DA:54,3
DA:55,3
DA:56,9
DA:57,6
DA:62,3
DA:63,3
DA:64,12
DA:65,6
DA:67,3
DA:68,12
DA:69,9
DA:81,3
DA:87,3
DA:89,3
DA:91,9
DA:94,3
DA:95,3
LF:41
LH:41
end_of_record
SF:lib\features\play\presentation\widgets\round_labels.dart
DA:10,5
DA:11,10
DA:12,8
DA:13,0
DA:17,5
DA:18,10
DA:19,8
DA:20,0
LF:8
LH:6
end_of_record
SF:lib\features\setup\presentation\deck_catalog.g.dart
DA:14,3
DA:27,1
DA:30,1
DA:38,1
DA:39,1
DA:41,0
DA:43,0
DA:45,0
DA:48,1
DA:52,1
DA:54,1
DA:56,1
DA:57,1
DA:60,1
DA:62,4
DA:65,1
DA:67,2
DA:71,1
DA:77,1
DA:78,1
DA:88,1
DA:89,1
DA:91,0
LF:23
LH:19
end_of_record
SF:lib\features\setup\presentation\deck_catalog.dart
DA:15,1
DA:41,1
DA:44,1
DA:45,1
DA:46,1
DA:47,3
DA:49,1
DA:51,1
DA:55,1
DA:59,3
DA:61,2
DA:62,1
DA:63,1
DA:65,1
DA:69,1
DA:70,1
DA:71,1
DA:72,1
DA:73,3
LF:19
LH:19
end_of_record
SF:lib\features\setup\presentation\setup_controller.dart
DA:25,1
DA:26,1
DA:28,4
DA:30,1
DA:31,3
DA:33,4
DA:35,0
DA:36,0
DA:38,0
DA:40,0
DA:46,1
DA:47,1
DA:48,1
DA:50,3
DA:51,4
DA:56,0
DA:58,0
DA:60,0
DA:65,1
DA:66,2
DA:67,3
DA:69,5
DA:73,0
DA:74,0
DA:76,0
DA:77,0
DA:78,0
DA:79,0
LF:28
LH:15
end_of_record
SF:lib\features\setup\presentation\setup_controller.g.dart
DA:17,3
DA:29,1
DA:30,1
DA:40,1
DA:41,1
DA:43,1
DA:45,1
DA:48,0
DA:49,0
DA:51,0
DA:56,1
DA:65,1
DA:68,1
DA:70,1
DA:77,2
LF:15
LH:12
end_of_record
SF:lib\features\setup\presentation\widgets\setup_scaffold.dart
DA:10,1
DA:30,1
DA:32,1
DA:33,1
DA:35,1
DA:36,1
DA:37,1
DA:38,2
DA:39,2
DA:41,1
DA:43,3
DA:46,1
DA:47,1
DA:49,1
DA:50,1
DA:52,1
DA:53,1
DA:54,3
DA:59,2
DA:60,1
DA:61,1
DA:63,1
LF:22
LH:22
end_of_record
SF:lib\l10n\generated\app_localizations_fr.dart
DA:9,12
DA:11,1
DA:14,1
DA:17,1
DA:20,1
DA:23,0
DA:26,1
DA:29,0
DA:32,0
DA:35,1
DA:38,1
DA:41,1
DA:43,1
DA:46,1
DA:49,1
DA:52,1
DA:55,1
DA:58,1
DA:62,1
DA:65,1
DA:69,1
DA:72,1
DA:75,1
DA:78,1
DA:81,1
DA:84,1
DA:87,1
DA:89,1
DA:92,1
DA:95,1
DA:99,0
DA:102,1
DA:104,1
DA:106,1
DA:107,1
DA:111,1
DA:114,0
DA:117,0
DA:120,1
DA:122,1
DA:124,1
DA:125,1
DA:129,1
DA:132,1
DA:134,1
DA:137,0
DA:140,1
DA:143,1
DA:146,1
DA:149,1
DA:152,1
DA:154,1
DA:157,1
DA:160,0
DA:162,0
DA:165,1
DA:169,1
DA:171,1
DA:174,1
DA:177,1
DA:180,1
DA:183,1
DA:186,1
DA:188,1
DA:190,1
DA:191,1
DA:195,1
DA:198,1
DA:201,1
DA:203,1
DA:206,1
DA:209,1
DA:212,1
DA:214,1
DA:217,0
DA:220,1
DA:223,1
DA:226,1
DA:229,1
DA:232,1
DA:235,1
DA:238,1
DA:241,1
DA:243,1
DA:246,1
DA:248,1
DA:251,1
DA:254,1
DA:256,1
DA:259,0
DA:261,0
DA:264,0
DA:268,4
DA:271,5
DA:274,4
DA:277,0
DA:280,5
DA:284,4
DA:288,0
DA:291,5
DA:293,5
DA:296,5
DA:298,5
DA:301,5
DA:303,5
DA:306,5
DA:309,3
DA:312,3
DA:315,3
DA:318,2
DA:321,2
DA:324,2
DA:327,2
DA:330,1
DA:333,3
DA:335,3
DA:337,3
DA:338,3
DA:341,3
DA:344,3
DA:346,3
DA:349,4
DA:351,4
DA:354,2
DA:357,2
DA:360,2
DA:362,2
DA:364,2
DA:365,2
DA:369,2
DA:372,1
DA:375,2
DA:378,1
DA:381,2
DA:384,3
DA:386,3
DA:389,3
DA:391,3
DA:394,3
DA:397,3
DA:400,3
DA:402,3
DA:405,2
DA:408,2
DA:410,2
DA:413,2
DA:416,2
DA:419,1
DA:423,1
DA:426,1
DA:430,1
DA:432,1
DA:435,1
LF:153
LH:138
end_of_record
SF:lib\app\app.dart
DA:10,1
DA:16,1
DA:21,2
DA:23,1
DA:24,3
DA:25,1
DA:26,1
DA:29,1
LF:8
LH:8
end_of_record
SF:lib\app\theme\app_theme.dart
DA:16,2
DA:18,2
DA:20,1
DA:21,1
DA:26,1
DA:29,1
DA:30,1
DA:38,1
DA:39,1
LF:9
LH:9
end_of_record
